<?xml version="1.0" encoding="UTF-8"?>
<!-- Generated by org.testng.reporters.JUnitReportReporter -->
<testsuite skipped="0" hostname="Pawan-PC" name="com.actitime.tests.InvalidLoginTest" tests="1" failures="0" timestamp="23 Oct 2018 07:07:04 GMT" time="38.184" errors="0">
  <testcase name="testInvalidLogin" time="38.184" classname="com.actitime.tests.InvalidLoginTest"/>
</testsuite> <!-- com.actitime.tests.InvalidLoginTest -->
