<?xml version="1.0" encoding="UTF-8"?>
<!-- Generated by org.testng.reporters.JUnitReportReporter -->
<testsuite skipped="0" hostname="Pawan-PC" name="com.actitime.tests.VerifyVersionTest" tests="1" failures="0" timestamp="23 Oct 2018 07:07:04 GMT" time="18.488" errors="0">
  <testcase name="testVersion" time="18.488" classname="com.actitime.tests.VerifyVersionTest"/>
</testsuite> <!-- com.actitime.tests.VerifyVersionTest -->
