<?xml version="1.0" encoding="UTF-8"?>
<!-- Generated by org.testng.reporters.JUnitReportReporter -->
<testsuite skipped="0" hostname="Pawan-PC" name="com.actitime.tests.VerifyBuildNumberTest" tests="1" failures="0" timestamp="29 Oct 2018 11:49:56 GMT" time="47.256" errors="0">
  <testcase name="testVerifyBuildNumber" time="47.256" classname="com.actitime.tests.VerifyBuildNumberTest"/>
</testsuite> <!-- com.actitime.tests.VerifyBuildNumberTest -->
